<?xml version="1.0" encoding="UTF-8"?>
<testsuite xmlns:xsi="http://www.w3.org/2001/XMLSchema-instance" xsi:noNamespaceSchemaLocation="https://maven.apache.org/surefire/maven-surefire-plugin/xsd/surefire-test-report-3.0.xsd" version="3.0" name="net.kigobe.junitdemo.DemoUtilsTest" time="2.201" tests="10" errors="0" skipped="0" failures="1">
  <properties>
    <property name="java.specification.version" value="17"/>
    <property name="sun.cpu.isalist" value="amd64"/>
    <property name="sun.jnu.encoding" value="Cp1252"/>
    <property name="java.class.path" value="C:\gitsandboxes\Junit_Mockito_Mock\target\test-classes;C:\gitsandboxes\Junit_Mockito_Mock\target\classes;C:\Users\rkigobe\.m2\repository\org\junit\jupiter\junit-jupiter\5.10.2\junit-jupiter-5.10.2.jar;C:\Users\rkigobe\.m2\repository\org\junit\jupiter\junit-jupiter-api\5.10.2\junit-jupiter-api-5.10.2.jar;C:\Users\rkigobe\.m2\repository\org\opentest4j\opentest4j\1.3.0\opentest4j-1.3.0.jar;C:\Users\rkigobe\.m2\repository\org\junit\platform\junit-platform-commons\1.10.2\junit-platform-commons-1.10.2.jar;C:\Users\rkigobe\.m2\repository\org\apiguardian\apiguardian-api\1.1.2\apiguardian-api-1.1.2.jar;C:\Users\rkigobe\.m2\repository\org\junit\jupiter\junit-jupiter-params\5.10.2\junit-jupiter-params-5.10.2.jar;C:\Users\rkigobe\.m2\repository\org\junit\jupiter\junit-jupiter-engine\5.10.2\junit-jupiter-engine-5.10.2.jar;C:\Users\rkigobe\.m2\repository\org\junit\platform\junit-platform-engine\1.10.2\junit-platform-engine-1.10.2.jar;"/>
    <property name="java.vm.vendor" value="Amazon.com Inc."/>
    <property name="sun.arch.data.model" value="64"/>
    <property name="user.variant" value=""/>
    <property name="java.vendor.url" value="https://aws.amazon.com/corretto/"/>
    <property name="user.timezone" value="America/New_York"/>
    <property name="os.name" value="Windows 11"/>
    <property name="java.vm.specification.version" value="17"/>
    <property name="sun.java.launcher" value="SUN_STANDARD"/>
    <property name="user.country" value="US"/>
    <property name="sun.boot.library.path" value="C:\Program Files\Amazon Corretto\jdk17.0.10_7\bin"/>
    <property name="sun.java.command" value="C:\Users\rkigobe\AppData\Local\Temp\surefire3320425245122849720\surefirebooter16990700080943705133.jar C:\Users\rkigobe\AppData\Local\Temp\surefire3320425245122849720 2024-05-15T15-56-41_422-jvmRun1 surefire15558893161230122237tmp surefire_07131939528296927647tmp"/>
    <property name="jdk.debug" value="release"/>
    <property name="surefire.test.class.path" value="C:\gitsandboxes\Junit_Mockito_Mock\target\test-classes;C:\gitsandboxes\Junit_Mockito_Mock\target\classes;C:\Users\rkigobe\.m2\repository\org\junit\jupiter\junit-jupiter\5.10.2\junit-jupiter-5.10.2.jar;C:\Users\rkigobe\.m2\repository\org\junit\jupiter\junit-jupiter-api\5.10.2\junit-jupiter-api-5.10.2.jar;C:\Users\rkigobe\.m2\repository\org\opentest4j\opentest4j\1.3.0\opentest4j-1.3.0.jar;C:\Users\rkigobe\.m2\repository\org\junit\platform\junit-platform-commons\1.10.2\junit-platform-commons-1.10.2.jar;C:\Users\rkigobe\.m2\repository\org\apiguardian\apiguardian-api\1.1.2\apiguardian-api-1.1.2.jar;C:\Users\rkigobe\.m2\repository\org\junit\jupiter\junit-jupiter-params\5.10.2\junit-jupiter-params-5.10.2.jar;C:\Users\rkigobe\.m2\repository\org\junit\jupiter\junit-jupiter-engine\5.10.2\junit-jupiter-engine-5.10.2.jar;C:\Users\rkigobe\.m2\repository\org\junit\platform\junit-platform-engine\1.10.2\junit-platform-engine-1.10.2.jar;"/>
    <property name="sun.cpu.endian" value="little"/>
    <property name="user.home" value="C:\Users\rkigobe"/>
    <property name="user.language" value="en"/>
    <property name="java.specification.vendor" value="Oracle Corporation"/>
    <property name="java.version.date" value="2024-01-16"/>
    <property name="java.home" value="C:\Program Files\Amazon Corretto\jdk17.0.10_7"/>
    <property name="file.separator" value="\"/>
    <property name="basedir" value="C:\gitsandboxes\Junit_Mockito_Mock"/>
    <property name="java.vm.compressedOopsMode" value="Zero based"/>
    <property name="line.separator" value="&#10;"/>
    <property name="java.vm.specification.vendor" value="Oracle Corporation"/>
    <property name="java.specification.name" value="Java Platform API Specification"/>
    <property name="surefire.real.class.path" value="C:\Users\rkigobe\AppData\Local\Temp\surefire3320425245122849720\surefirebooter16990700080943705133.jar"/>
    <property name="user.script" value=""/>
    <property name="sun.management.compiler" value="HotSpot 64-Bit Tiered Compilers"/>
    <property name="java.runtime.version" value="17.0.10+7-LTS"/>
    <property name="user.name" value="rkigobe"/>
    <property name="path.separator" value=";"/>
    <property name="os.version" value="10.0"/>
    <property name="java.runtime.name" value="OpenJDK Runtime Environment"/>
    <property name="file.encoding" value="Cp1252"/>
    <property name="java.vm.name" value="OpenJDK 64-Bit Server VM"/>
    <property name="java.vendor.version" value="Corretto-17.0.10.7.1"/>
    <property name="localRepository" value="C:\Users\rkigobe\.m2\repository"/>
    <property name="java.vendor.url.bug" value="https://github.com/corretto/corretto-17/issues/"/>
    <property name="java.io.tmpdir" value="C:\Users\rkigobe\AppData\Local\Temp\"/>
    <property name="java.version" value="17.0.10"/>
    <property name="user.dir" value="C:\gitsandboxes\Junit_Mockito_Mock"/>
    <property name="os.arch" value="amd64"/>
    <property name="java.vm.specification.name" value="Java Virtual Machine Specification"/>
    <property name="sun.os.patch.level" value=""/>
    <property name="native.encoding" value="Cp1252"/>
    <property name="java.library.path" value="C:\Program Files\Amazon Corretto\jdk17.0.10_7\bin;C:\WINDOWS\Sun\Java\bin;C:\WINDOWS\system32;C:\WINDOWS;C:\Python312\Scripts\;C:\Python312\;C:\WINDOWS\system32;C:\WINDOWS;C:\WINDOWS\System32\Wbem;C:\WINDOWS\System32\WindowsPowerShell\v1.0\;C:\WINDOWS\System32\OpenSSH\;C:\Program Files\dotnet\;C:\Program Files (x86)\Microsoft SQL Server\160\DTS\Binn\;C:\Program Files\Azure Data Studio\bin;C:\Program Files\Amazon Corretto\jdk11.0.21_9\bin;C:\Program Files\Amazon Corretto\jdk17.0.10_7\bin;C:\ProgramData\chocolatey\bin;C:\Program Files\MathWorks\DevelTools\bin;C:\Program Files\Git\cmd;C:\Program Files\apache-maven-3.9.6\bin;C:\Program Files\nodejs\;C:\Program Files\OpenSSL-Win64\bin;C:\Users\rkigobe\AppData\Local\Microsoft\WindowsApps;;C:\Program Files\Azure Data Studio\bin;C:\Program Files\JetBrains\IntelliJ IDEA 2023.3.1\bin;;C:\Users\rkigobe\AppData\Roaming\npm;C:\Users\rkigobe\AppData\Local\Programs\Microsoft VS Code\bin;."/>
    <property name="java.vm.info" value="mixed mode, sharing"/>
    <property name="java.vendor" value="Amazon.com Inc."/>
    <property name="java.vm.version" value="17.0.10+7-LTS"/>
    <property name="sun.io.unicode.encoding" value="UnicodeLittle"/>
    <property name="java.class.version" value="61.0"/>
  </properties>
  <testcase name="Array Equals" classname="net.kigobe.junitdemo.DemoUtilsTest" time="0.071">
    <failure type="org.opentest4j.AssertionFailedError"><![CDATA[org.opentest4j.AssertionFailedError: Arrays should be the same ==> array contents differ at index [2], expected: <D> but was: <C>
	at net.kigobe.junitdemo.DemoUtilsTest.testArrayEquals(DemoUtilsTest.java:86)
]]></failure>
    <system-out><![CDATA[@Before all Running at the beginning of all tests

@Before each test
@AfterEach test

]]></system-out>
  </testcase>
  <testcase name="Equals and Not Equals" classname="net.kigobe.junitdemo.DemoUtilsTest" time="0.005">
    <system-out><![CDATA[@Before each test
Running test: testEqualsNotEquals
@AfterEach test

]]></system-out>
  </testcase>
  <testcase name="Iterable equals" classname="net.kigobe.junitdemo.DemoUtilsTest" time="0.004">
    <system-out><![CDATA[@Before each test
@AfterEach test

]]></system-out>
  </testcase>
  <testcase name="Lines match" classname="net.kigobe.junitdemo.DemoUtilsTest" time="0.009">
    <system-out><![CDATA[@Before each test
@AfterEach test

]]></system-out>
  </testcase>
  <testcase name="Multiplication" classname="net.kigobe.junitdemo.DemoUtilsTest" time="0.002">
    <system-out><![CDATA[@Before each test
@AfterEach test

]]></system-out>
  </testcase>
  <testcase name="Null and Not Null" classname="net.kigobe.junitdemo.DemoUtilsTest" time="0.003">
    <system-out><![CDATA[@Before each test
Running test: checkNullNotNull
@AfterEach test

]]></system-out>
  </testcase>
  <testcase name="Same and Not Same" classname="net.kigobe.junitdemo.DemoUtilsTest" time="0.006">
    <system-out><![CDATA[@Before each test
@AfterEach test

]]></system-out>
  </testcase>
  <testcase name="Test true or false" classname="net.kigobe.junitdemo.DemoUtilsTest" time="0.006">
    <system-out><![CDATA[@Before each test
@AfterEach test

]]></system-out>
  </testcase>
  <testcase name="Throws and Does Not Throw" classname="net.kigobe.junitdemo.DemoUtilsTest" time="0.005">
    <system-out><![CDATA[@Before each test
@AfterEach test

]]></system-out>
  </testcase>
  <testcase name="Timeout" classname="net.kigobe.junitdemo.DemoUtilsTest" time="2.021">
    <system-out><![CDATA[@Before each test
I am going to sleep
Sleeping over
@AfterEach test

]]></system-out>
  </testcase>
</testsuite>